<?xml version="1.0" encoding="UTF-8"?>
<testng-results skipped="0" failed="1" ignored="0" total="5" passed="4">
  <reporter-output>
  </reporter-output>
  <suite name="Default suite" duration-ms="11279" started-at="2022-05-16T10:35:05Z" finished-at="2022-05-16T10:35:16Z">
    <groups>
    </groups>
    <test name="Default test" duration-ms="11279" started-at="2022-05-16T10:35:05Z" finished-at="2022-05-16T10:35:16Z">
      <class name="org.serzn.deserzn.SerznDeserzn">
        <test-method status="PASS" signature="LoginDetails()[pri:1, instance:org.serzn.deserzn.SerznDeserzn@20398b7c]" name="LoginDetails" duration-ms="4452" started-at="2022-05-16T16:05:05Z" finished-at="2022-05-16T16:05:09Z">
          <reporter-output>
          </reporter-output>
        </test-method> <!-- LoginDetails -->
        <test-method status="PASS" signature="CreateAddress()[pri:2, instance:org.serzn.deserzn.SerznDeserzn@20398b7c]" name="CreateAddress" duration-ms="1600" started-at="2022-05-16T16:05:09Z" finished-at="2022-05-16T16:05:11Z">
          <reporter-output>
          </reporter-output>
        </test-method> <!-- CreateAddress -->
        <test-method status="PASS" signature="UpdateAddress()[pri:3, instance:org.serzn.deserzn.SerznDeserzn@20398b7c]" name="UpdateAddress" duration-ms="1532" started-at="2022-05-16T16:05:11Z" finished-at="2022-05-16T16:05:13Z">
          <reporter-output>
          </reporter-output>
        </test-method> <!-- UpdateAddress -->
        <test-method status="FAIL" signature="GetAddress()[pri:4, instance:org.serzn.deserzn.SerznDeserzn@20398b7c]" name="GetAddress" duration-ms="2045" started-at="2022-05-16T16:05:13Z" finished-at="2022-05-16T16:05:15Z">
          <exception class="com.fasterxml.jackson.databind.exc.InvalidDefinitionException">
            <message>
              <![CDATA[Cannot construct instance of `org.serzn.deserzn.GetAddress_Output_Pojo` (no Creators, like default constructor, exist): cannot deserialize from Object value (no delegate- or property-based Creator)
 at [Source: (StringReader); line: 1, column: 2]]]>
            </message>
            <full-stacktrace>
              <![CDATA[com.fasterxml.jackson.databind.exc.InvalidDefinitionException: Cannot construct instance of `org.serzn.deserzn.GetAddress_Output_Pojo` (no Creators, like default constructor, exist): cannot deserialize from Object value (no delegate- or property-based Creator)
 at [Source: (StringReader); line: 1, column: 2]
	at com.fasterxml.jackson.databind.exc.InvalidDefinitionException.from(InvalidDefinitionException.java:67)
	at com.fasterxml.jackson.databind.DeserializationContext.reportBadDefinition(DeserializationContext.java:1904)
	at com.fasterxml.jackson.databind.DatabindContext.reportBadDefinition(DatabindContext.java:400)
	at com.fasterxml.jackson.databind.DeserializationContext.handleMissingInstantiator(DeserializationContext.java:1349)
	at com.fasterxml.jackson.databind.deser.BeanDeserializerBase.deserializeFromObjectUsingNonDefault(BeanDeserializerBase.java:1415)
	at com.fasterxml.jackson.databind.deser.BeanDeserializer.deserializeFromObject(BeanDeserializer.java:351)
	at com.fasterxml.jackson.databind.deser.BeanDeserializer.deserialize(BeanDeserializer.java:184)
	at com.fasterxml.jackson.databind.deser.DefaultDeserializationContext.readRootValue(DefaultDeserializationContext.java:322)
	at com.fasterxml.jackson.databind.ObjectMapper._readMapAndClose(ObjectMapper.java:4674)
	at com.fasterxml.jackson.databind.ObjectMapper.readValue(ObjectMapper.java:3629)
	at com.fasterxml.jackson.databind.ObjectMapper$readValue$0.call(Unknown Source)
	at io.restassured.internal.path.json.mapping.JsonPathJackson2ObjectDeserializer.deserialize(JsonPathJackson2ObjectDeserializer.groovy:46)
	at io.restassured.path.json.mapping.JsonPathObjectDeserializer$deserialize.call(Unknown Source)
	at io.restassured.internal.mapping.Jackson2Mapper.deserialize(Jackson2Mapper.groovy:58)
	at io.restassured.mapper.ObjectMapper$deserialize.call(Unknown Source)
	at io.restassured.internal.mapping.ObjectMapping.parseWithJackson2(ObjectMapping.groovy:254)
	at io.restassured.internal.mapping.ObjectMapping$parseWithJackson2$0.callStatic(Unknown Source)
	at io.restassured.internal.mapping.ObjectMapping.deserialize(ObjectMapping.groovy:56)
	at io.restassured.internal.mapping.ObjectMapping$deserialize.call(Unknown Source)
	at io.restassured.internal.RestAssuredResponseOptionsGroovyImpl.as(RestAssuredResponseOptionsGroovyImpl.groovy:231)
	at io.restassured.internal.RestAssuredResponseOptionsImpl.as(RestAssuredResponseOptionsImpl.java:169)
	at org.serzn.deserzn.SerznDeserzn.GetAddress(SerznDeserzn.java:109)
	at sun.reflect.NativeMethodAccessorImpl.invoke0(Native Method)
	at sun.reflect.NativeMethodAccessorImpl.invoke(Unknown Source)
	at sun.reflect.DelegatingMethodAccessorImpl.invoke(Unknown Source)
	at java.lang.reflect.Method.invoke(Unknown Source)
	at org.testng.internal.MethodInvocationHelper.invokeMethod(MethodInvocationHelper.java:108)
	at org.testng.internal.Invoker.invokeMethod(Invoker.java:661)
	at org.testng.internal.Invoker.invokeTestMethod(Invoker.java:869)
	at org.testng.internal.Invoker.invokeTestMethods(Invoker.java:1193)
	at org.testng.internal.TestMethodWorker.invokeTestMethods(TestMethodWorker.java:126)
	at org.testng.internal.TestMethodWorker.run(TestMethodWorker.java:109)
	at org.testng.TestRunner.privateRun(TestRunner.java:744)
	at org.testng.TestRunner.run(TestRunner.java:602)
	at org.testng.SuiteRunner.runTest(SuiteRunner.java:380)
	at org.testng.SuiteRunner.runSequentially(SuiteRunner.java:375)
	at org.testng.SuiteRunner.privateRun(SuiteRunner.java:340)
	at org.testng.SuiteRunner.run(SuiteRunner.java:289)
	at org.testng.SuiteRunnerWorker.runSuite(SuiteRunnerWorker.java:52)
	at org.testng.SuiteRunnerWorker.run(SuiteRunnerWorker.java:86)
	at org.testng.TestNG.runSuitesSequentially(TestNG.java:1301)
	at org.testng.TestNG.runSuitesLocally(TestNG.java:1226)
	at org.testng.TestNG.runSuites(TestNG.java:1144)
	at org.testng.TestNG.run(TestNG.java:1115)
	at org.testng.remote.AbstractRemoteTestNG.run(AbstractRemoteTestNG.java:132)
	at org.testng.remote.RemoteTestNG.initAndRun(RemoteTestNG.java:230)
	at org.testng.remote.RemoteTestNG.main(RemoteTestNG.java:76)
]]>
            </full-stacktrace>
          </exception> <!-- com.fasterxml.jackson.databind.exc.InvalidDefinitionException -->
          <reporter-output>
          </reporter-output>
        </test-method> <!-- GetAddress -->
        <test-method status="PASS" signature="DeleteAddress()[pri:5, instance:org.serzn.deserzn.SerznDeserzn@20398b7c]" name="DeleteAddress" duration-ms="1631" started-at="2022-05-16T16:05:15Z" finished-at="2022-05-16T16:05:16Z">
          <reporter-output>
          </reporter-output>
        </test-method> <!-- DeleteAddress -->
      </class> <!-- org.serzn.deserzn.SerznDeserzn -->
    </test> <!-- Default test -->
  </suite> <!-- Default suite -->
</testng-results>
